2015-09-07 17:12:45 INFO  Query:77 - Reading in results for query "SELECT FROM com.cmg.vrc.data.jdo.UserVoiceModel ORDER BY serverTime asc RANGE 0,10000" since the connection used is closing/committing
2015-09-07 17:12:50 INFO  Query:77 - Reading in results for query "SELECT COUNT(id) FROM com.cmg.vrc.data.jdo.User" since the connection used is closing/committing
2015-09-07 17:12:50 INFO  Query:77 - Reading in results for query "SELECT COUNT(id) FROM com.cmg.vrc.data.jdo.User" since the connection used is closing/committing
2015-09-07 17:12:50 INFO  Query:77 - Reading in results for query "SELECT COUNT(id) FROM com.cmg.vrc.data.jdo.UserVoiceModel" since the connection used is closing/committing
2015-09-07 17:12:51 INFO  Query:77 - Reading in results for query "SELECT COUNT(id) FROM com.cmg.vrc.data.jdo.UserVoiceModel" since the connection used is closing/committing
2015-09-07 17:12:52 INFO  Query:77 - Reading in results for query "SELECT COUNT(id) FROM com.cmg.vrc.data.jdo.LicenseCode" since the connection used is closing/committing
2015-09-07 17:12:52 INFO  Query:77 - Reading in results for query "SELECT COUNT(id) FROM com.cmg.vrc.data.jdo.LicenseCode" since the connection used is closing/committing
2015-09-07 17:12:58 INFO  Query:77 - Reading in results for query "SELECT FROM com.cmg.vrc.data.jdo.RecordedSentence" since the connection used is closing/committing
2015-09-07 17:12:58 INFO  Query:77 - Reading in results for query "SELECT COUNT(id) FROM com.cmg.vrc.data.jdo.RecordedSentence" since the connection used is closing/committing
2015-09-07 17:12:58 INFO  Query:77 - Reading in results for query "SELECT FROM com.cmg.vrc.data.jdo.RecordedSentence WHERE (account == null || account.toLowerCase().indexOf(search.toLowerCase()) != -1) PARAMETERS String search, String ac, String acs, Integer sta, java.util.Date dateFrom,java.util.Date dateTo ORDER BY account asc RANGE 0,10" since the connection used is closing/committing
2015-09-07 17:12:58 INFO  Query:77 - Reading in results for query "SELECT COUNT(id) FROM com.cmg.vrc.data.jdo.RecordedSentence WHERE status==sta PARAMETERS int sta" since the connection used is closing/committing
2015-09-07 17:12:59 INFO  Query:77 - Reading in results for query "SELECT COUNT(id) FROM com.cmg.vrc.data.jdo.RecordedSentence WHERE status==sta PARAMETERS int sta" since the connection used is closing/committing
2015-09-07 17:12:59 INFO  Query:77 - Reading in results for query "SELECT COUNT(id) FROM com.cmg.vrc.data.jdo.RecordedSentence WHERE status==sta PARAMETERS int sta" since the connection used is closing/committing
2015-09-07 17:12:59 INFO  Query:77 - Reading in results for query "SELECT COUNT(id) FROM com.cmg.vrc.data.jdo.RecordedSentence WHERE status==sta PARAMETERS int sta" since the connection used is closing/committing
2015-09-07 17:12:59 INFO  Query:77 - Reading in results for query "SELECT COUNT(id) FROM com.cmg.vrc.data.jdo.Transcription WHERE isDeleted==0" since the connection used is closing/committing
2015-09-07 17:12:59 INFO  Query:77 - Reading in results for query "SELECT FROM com.cmg.vrc.data.jdo.RecordedSentence" since the connection used is closing/committing
2015-09-07 17:15:16 INFO  Enhancer:77 - DataNucleus Enhancer (version 4.1.3) for API "JDO"
2015-09-07 17:15:17 INFO  Enhancer:77 - Class "com.cmg.vrc.data.jdo.ClientCode" is already enhanced.
2015-09-07 17:15:17 INFO  Enhancer:77 - ENHANCED (Persistable) : com.cmg.vrc.data.jdo.ClientCode
2015-09-07 17:15:17 INFO  Enhancer:77 - Class "com.cmg.vrc.data.jdo.Security" is already enhanced.
2015-09-07 17:15:17 INFO  Enhancer:77 - ENHANCED (Persistable) : com.cmg.vrc.data.jdo.Security
2015-09-07 17:15:17 INFO  Enhancer:77 - Class "com.cmg.vrc.data.jdo.Feedback" is already enhanced.
2015-09-07 17:15:17 INFO  Enhancer:77 - ENHANCED (Persistable) : com.cmg.vrc.data.jdo.Feedback
2015-09-07 17:15:17 INFO  Enhancer:77 - Class "com.cmg.vrc.data.jdo.LicenseCode" is already enhanced.
2015-09-07 17:15:17 INFO  Enhancer:77 - ENHANCED (Persistable) : com.cmg.vrc.data.jdo.LicenseCode
2015-09-07 17:15:17 INFO  Enhancer:77 - Class "com.cmg.vrc.data.jdo.AppDetail" is already enhanced.
2015-09-07 17:15:17 INFO  Enhancer:77 - ENHANCED (Persistable) : com.cmg.vrc.data.jdo.AppDetail
2015-09-07 17:15:17 INFO  Enhancer:77 - Class "com.cmg.vrc.data.jdo.Admin" is already enhanced.
2015-09-07 17:15:17 INFO  Enhancer:77 - ENHANCED (Persistable) : com.cmg.vrc.data.jdo.Admin
2015-09-07 17:15:17 INFO  Enhancer:77 - Class "com.cmg.vrc.data.jdo.DictionaryVersion" is already enhanced.
2015-09-07 17:15:17 INFO  Enhancer:77 - ENHANCED (Persistable) : com.cmg.vrc.data.jdo.DictionaryVersion
2015-09-07 17:15:17 INFO  Enhancer:77 - Class "com.cmg.vrc.data.jdo.User" is already enhanced.
2015-09-07 17:15:17 INFO  Enhancer:77 - ENHANCED (Persistable) : com.cmg.vrc.data.jdo.User
2015-09-07 17:15:17 INFO  Enhancer:77 - Class "com.cmg.vrc.data.jdo.UserDevice" is already enhanced.
2015-09-07 17:15:17 INFO  Enhancer:77 - ENHANCED (Persistable) : com.cmg.vrc.data.jdo.UserDevice
2015-09-07 17:15:17 INFO  Enhancer:77 - Class "com.cmg.vrc.data.jdo.Usage" is already enhanced.
2015-09-07 17:15:17 INFO  Enhancer:77 - ENHANCED (Persistable) : com.cmg.vrc.data.jdo.Usage
2015-09-07 17:15:17 INFO  Enhancer:77 - Class "com.cmg.vrc.data.jdo.UserVoiceModel" is already enhanced.
2015-09-07 17:15:17 INFO  Enhancer:77 - ENHANCED (Persistable) : com.cmg.vrc.data.jdo.UserVoiceModel
2015-09-07 17:15:17 INFO  Enhancer:77 - Class "com.cmg.vrc.data.jdo.LicenseCodeCompany" is already enhanced.
2015-09-07 17:15:17 INFO  Enhancer:77 - ENHANCED (Persistable) : com.cmg.vrc.data.jdo.LicenseCodeCompany
2015-09-07 17:15:17 INFO  Enhancer:77 - Class "com.cmg.vrc.data.jdo.Transcription" is already enhanced.
2015-09-07 17:15:17 INFO  Enhancer:77 - ENHANCED (Persistable) : com.cmg.vrc.data.jdo.Transcription
2015-09-07 17:15:17 INFO  Enhancer:77 - Class "com.cmg.vrc.data.jdo.RecordedSentence" is already enhanced.
2015-09-07 17:15:17 INFO  Enhancer:77 - ENHANCED (Persistable) : com.cmg.vrc.data.jdo.RecordedSentence
2015-09-07 17:15:17 INFO  Enhancer:77 - Class "com.cmg.vrc.data.jdo.RecordedSentenceHistory" is already enhanced.
2015-09-07 17:15:17 INFO  Enhancer:77 - ENHANCED (Persistable) : com.cmg.vrc.data.jdo.RecordedSentenceHistory
2015-09-07 17:15:17 INFO  Enhancer:77 - Class "com.cmg.vrc.data.jdo.LanguageModelVersion" is already enhanced.
2015-09-07 17:15:17 INFO  Enhancer:77 - ENHANCED (Persistable) : com.cmg.vrc.data.jdo.LanguageModelVersion
2015-09-07 17:15:17 INFO  Enhancer:77 - DataNucleus Enhancer completed with success for 16 classes. Timings : input=538 ms, enhance=246 ms, total=784 ms. Consult the log for full details
2015-09-07 17:16:30 INFO  MLog:80 - MLog clients using log4j logging.
2015-09-07 17:16:30 INFO  C3P0Registry:204 - Initializing c3p0-0.9.1.1 [built 15-March-2007 01:32:31; debug? true; trace: 10]
2015-09-07 17:16:31 INFO  AbstractPoolBackedDataSource:462 - Initializing c3p0 pool... com.mchange.v2.c3p0.PoolBackedDataSource@d94eacba [ connectionPoolDataSource -> com.mchange.v2.c3p0.WrapperConnectionPoolDataSource@68d7b3f2 [ acquireIncrement -> 3, acquireRetryAttempts -> 30, acquireRetryDelay -> 1000, autoCommitOnClose -> false, automaticTestTable -> null, breakAfterAcquireFailure -> false, checkoutTimeout -> 0, connectionCustomizerClassName -> null, connectionTesterClassName -> com.mchange.v2.c3p0.impl.DefaultConnectionTester, debugUnreturnedConnectionStackTraces -> false, factoryClassLocation -> null, forceIgnoreUnresolvedTransactions -> false, identityToken -> 1hge14d9b1af6ly8bb8ftv|12945396, idleConnectionTestPeriod -> 0, initialPoolSize -> 3, maxAdministrativeTaskTime -> 0, maxConnectionAge -> 0, maxIdleTime -> 0, maxIdleTimeExcessConnections -> 0, maxPoolSize -> 15, maxStatements -> 0, maxStatementsPerConnection -> 0, minPoolSize -> 3, nestedDataSource -> com.mchange.v2.c3p0.DriverManagerDataSource@998b2af3 [ description -> null, driverClass -> null, factoryClassLocation -> null, identityToken -> 1hge14d9b1af6ly8bb8ftv|617814a8, jdbcUrl -> jdbc:mysql://c-mg.vn:3306/vrc?useServerPrepStmts=false, properties -> {user=******, password=******} ], preferredTestQuery -> null, propertyCycle -> 0, testConnectionOnCheckin -> false, testConnectionOnCheckout -> false, unreturnedConnectionTimeout -> 0, usesTraditionalReflectiveProxies -> false; userOverrides: {} ], dataSourceName -> null, factoryClassLocation -> null, identityToken -> 1hge14d9b1af6ly8bb8ftv|47fba661, numHelperThreads -> 3 ]
2015-09-07 17:16:33 INFO  Query:77 - Reading in results for query "SELECT FROM com.cmg.vrc.data.jdo.Admin WHERE userName == :1 && password == :2" since the connection used is closing/committing
2015-09-07 17:16:35 ERROR Datastore:115 - Error thrown executing CREATE TABLE `FEEDBACK`
(
    `ID` VARCHAR(255) BINARY NOT NULL,
    `ACCOUNT` VARCHAR(255) BINARY NULL,
    `APPVERSION` VARCHAR(255) BINARY NULL,
    `CREATEDDATE` TIMESTAMP NULL,
    `DESCRIPTION` VARCHAR(10000) BINARY NULL,
    `DEVICENAME` VARCHAR(255) BINARY NULL,
    `IMEI` VARCHAR(255) BINARY NULL,
    `OSAPILEVEL` VARCHAR(255) BINARY NULL,
    `OSVERSION` VARCHAR(255) BINARY NULL,
    `RAWUSERPROFILE` VARCHAR(10000) BINARY NULL,
    `SCREENSHOOT` VARCHAR(255) BINARY NULL,
    `STACKTRACE` VARCHAR(10000) BINARY NULL,
    CONSTRAINT `FEEDBACK_PK` PRIMARY KEY (`ID`)
) ENGINE=INNODB : Row size too large. The maximum row size for the used table type, not counting BLOBs, is 65535. This includes storage overhead, check the manual. You have to change some columns to TEXT or BLOBs
com.mysql.jdbc.exceptions.jdbc4.MySQLSyntaxErrorException: Row size too large. The maximum row size for the used table type, not counting BLOBs, is 65535. This includes storage overhead, check the manual. You have to change some columns to TEXT or BLOBs
	at sun.reflect.NativeConstructorAccessorImpl.newInstance0(Native Method)
	at sun.reflect.NativeConstructorAccessorImpl.newInstance(NativeConstructorAccessorImpl.java:57)
	at sun.reflect.DelegatingConstructorAccessorImpl.newInstance(DelegatingConstructorAccessorImpl.java:45)
	at java.lang.reflect.Constructor.newInstance(Constructor.java:526)
	at com.mysql.jdbc.Util.handleNewInstance(Util.java:400)
	at com.mysql.jdbc.Util.getInstance(Util.java:383)
	at com.mysql.jdbc.SQLError.createSQLException(SQLError.java:980)
	at com.mysql.jdbc.MysqlIO.checkErrorPacket(MysqlIO.java:3847)
	at com.mysql.jdbc.MysqlIO.checkErrorPacket(MysqlIO.java:3783)
	at com.mysql.jdbc.MysqlIO.sendCommand(MysqlIO.java:2447)
	at com.mysql.jdbc.MysqlIO.sqlQueryDirect(MysqlIO.java:2594)
	at com.mysql.jdbc.ConnectionImpl.execSQL(ConnectionImpl.java:2541)
	at com.mysql.jdbc.ConnectionImpl.execSQL(ConnectionImpl.java:2499)
	at com.mysql.jdbc.StatementImpl.execute(StatementImpl.java:844)
	at com.mysql.jdbc.StatementImpl.execute(StatementImpl.java:748)
	at com.mchange.v2.c3p0.impl.NewProxyStatement.execute(NewProxyStatement.java:1006)
	at org.datanucleus.store.rdbms.table.AbstractTable.executeDdlStatement(AbstractTable.java:879)
	at org.datanucleus.store.rdbms.table.AbstractTable.executeDdlStatementList(AbstractTable.java:830)
	at org.datanucleus.store.rdbms.table.AbstractTable.create(AbstractTable.java:546)
	at org.datanucleus.store.rdbms.table.AbstractTable.exists(AbstractTable.java:609)
	at org.datanucleus.store.rdbms.RDBMSStoreManager$ClassAdder.performTablesValidation(RDBMSStoreManager.java:3362)
	at org.datanucleus.store.rdbms.RDBMSStoreManager$ClassAdder.run(RDBMSStoreManager.java:2875)
	at org.datanucleus.store.rdbms.AbstractSchemaTransaction.execute(AbstractSchemaTransaction.java:119)
	at org.datanucleus.store.rdbms.RDBMSStoreManager.manageClasses(RDBMSStoreManager.java:1608)
	at org.datanucleus.store.rdbms.RDBMSStoreManager.getDatastoreClass(RDBMSStoreManager.java:671)
	at org.datanucleus.store.rdbms.query.RDBMSQueryUtils.getStatementForCandidates(RDBMSQueryUtils.java:425)
	at org.datanucleus.store.rdbms.query.JDOQLQuery.compileQueryFull(JDOQLQuery.java:896)
	at org.datanucleus.store.rdbms.query.JDOQLQuery.compileInternal(JDOQLQuery.java:344)
	at org.datanucleus.store.query.Query.executeQuery(Query.java:1805)
	at org.datanucleus.store.query.Query.executeWithArray(Query.java:1733)
	at org.datanucleus.api.jdo.JDOQuery.executeInternal(JDOQuery.java:365)
	at org.datanucleus.api.jdo.JDOQuery.execute(JDOQuery.java:225)
	at com.cmg.vrc.data.dao.DataAccess.getCount(DataAccess.java:426)
	at com.cmg.vrc.data.dao.DataAccess.getCount(DataAccess.java:417)
	at com.cmg.vrc.servlet.Dashboard.doPost(Dashboard.java:33)
	at javax.servlet.http.HttpServlet.service(HttpServlet.java:648)
	at javax.servlet.http.HttpServlet.service(HttpServlet.java:729)
	at org.apache.catalina.core.ApplicationFilterChain.internalDoFilter(ApplicationFilterChain.java:291)
	at org.apache.catalina.core.ApplicationFilterChain.doFilter(ApplicationFilterChain.java:206)
	at org.apache.tomcat.websocket.server.WsFilter.doFilter(WsFilter.java:52)
	at org.apache.catalina.core.ApplicationFilterChain.internalDoFilter(ApplicationFilterChain.java:239)
	at org.apache.catalina.core.ApplicationFilterChain.doFilter(ApplicationFilterChain.java:206)
	at org.apache.catalina.core.StandardWrapperValve.invoke(StandardWrapperValve.java:219)
	at org.apache.catalina.core.StandardContextValve.invoke(StandardContextValve.java:106)
	at org.apache.catalina.authenticator.AuthenticatorBase.invoke(AuthenticatorBase.java:502)
	at org.apache.catalina.core.StandardHostValve.invoke(StandardHostValve.java:142)
	at org.apache.catalina.valves.ErrorReportValve.invoke(ErrorReportValve.java:79)
	at org.apache.catalina.valves.AbstractAccessLogValve.invoke(AbstractAccessLogValve.java:616)
	at org.apache.catalina.core.StandardEngineValve.invoke(StandardEngineValve.java:88)
	at org.apache.catalina.connector.CoyoteAdapter.service(CoyoteAdapter.java:518)
	at org.apache.coyote.http11.AbstractHttp11Processor.process(AbstractHttp11Processor.java:1091)
	at org.apache.coyote.AbstractProtocol$AbstractConnectionHandler.process(AbstractProtocol.java:673)
	at org.apache.tomcat.util.net.AprEndpoint$SocketProcessor.doRun(AprEndpoint.java:2503)
	at org.apache.tomcat.util.net.AprEndpoint$SocketProcessor.run(AprEndpoint.java:2492)
	at java.util.concurrent.ThreadPoolExecutor.runWorker(ThreadPoolExecutor.java:1145)
	at java.util.concurrent.ThreadPoolExecutor$Worker.run(ThreadPoolExecutor.java:615)
	at org.apache.tomcat.util.threads.TaskThread$WrappingRunnable.run(TaskThread.java:61)
	at java.lang.Thread.run(Thread.java:745)

2015-09-07 17:16:35 ERROR Schema:115 - An exception was thrown while adding/validating class(es) : Row size too large. The maximum row size for the used table type, not counting BLOBs, is 65535. This includes storage overhead, check the manual. You have to change some columns to TEXT or BLOBs
com.mysql.jdbc.exceptions.jdbc4.MySQLSyntaxErrorException: Row size too large. The maximum row size for the used table type, not counting BLOBs, is 65535. This includes storage overhead, check the manual. You have to change some columns to TEXT or BLOBs
	at sun.reflect.NativeConstructorAccessorImpl.newInstance0(Native Method)
	at sun.reflect.NativeConstructorAccessorImpl.newInstance(NativeConstructorAccessorImpl.java:57)
	at sun.reflect.DelegatingConstructorAccessorImpl.newInstance(DelegatingConstructorAccessorImpl.java:45)
	at java.lang.reflect.Constructor.newInstance(Constructor.java:526)
	at com.mysql.jdbc.Util.handleNewInstance(Util.java:400)
	at com.mysql.jdbc.Util.getInstance(Util.java:383)
	at com.mysql.jdbc.SQLError.createSQLException(SQLError.java:980)
	at com.mysql.jdbc.MysqlIO.checkErrorPacket(MysqlIO.java:3847)
	at com.mysql.jdbc.MysqlIO.checkErrorPacket(MysqlIO.java:3783)
	at com.mysql.jdbc.MysqlIO.sendCommand(MysqlIO.java:2447)
	at com.mysql.jdbc.MysqlIO.sqlQueryDirect(MysqlIO.java:2594)
	at com.mysql.jdbc.ConnectionImpl.execSQL(ConnectionImpl.java:2541)
	at com.mysql.jdbc.ConnectionImpl.execSQL(ConnectionImpl.java:2499)
	at com.mysql.jdbc.StatementImpl.execute(StatementImpl.java:844)
	at com.mysql.jdbc.StatementImpl.execute(StatementImpl.java:748)
	at com.mchange.v2.c3p0.impl.NewProxyStatement.execute(NewProxyStatement.java:1006)
	at org.datanucleus.store.rdbms.table.AbstractTable.executeDdlStatement(AbstractTable.java:879)
	at org.datanucleus.store.rdbms.table.AbstractTable.executeDdlStatementList(AbstractTable.java:830)
	at org.datanucleus.store.rdbms.table.AbstractTable.create(AbstractTable.java:546)
	at org.datanucleus.store.rdbms.table.AbstractTable.exists(AbstractTable.java:609)
	at org.datanucleus.store.rdbms.RDBMSStoreManager$ClassAdder.performTablesValidation(RDBMSStoreManager.java:3362)
	at org.datanucleus.store.rdbms.RDBMSStoreManager$ClassAdder.run(RDBMSStoreManager.java:2875)
	at org.datanucleus.store.rdbms.AbstractSchemaTransaction.execute(AbstractSchemaTransaction.java:119)
	at org.datanucleus.store.rdbms.RDBMSStoreManager.manageClasses(RDBMSStoreManager.java:1608)
	at org.datanucleus.store.rdbms.RDBMSStoreManager.getDatastoreClass(RDBMSStoreManager.java:671)
	at org.datanucleus.store.rdbms.query.RDBMSQueryUtils.getStatementForCandidates(RDBMSQueryUtils.java:425)
	at org.datanucleus.store.rdbms.query.JDOQLQuery.compileQueryFull(JDOQLQuery.java:896)
	at org.datanucleus.store.rdbms.query.JDOQLQuery.compileInternal(JDOQLQuery.java:344)
	at org.datanucleus.store.query.Query.executeQuery(Query.java:1805)
	at org.datanucleus.store.query.Query.executeWithArray(Query.java:1733)
	at org.datanucleus.api.jdo.JDOQuery.executeInternal(JDOQuery.java:365)
	at org.datanucleus.api.jdo.JDOQuery.execute(JDOQuery.java:225)
	at com.cmg.vrc.data.dao.DataAccess.getCount(DataAccess.java:426)
	at com.cmg.vrc.data.dao.DataAccess.getCount(DataAccess.java:417)
	at com.cmg.vrc.servlet.Dashboard.doPost(Dashboard.java:33)
	at javax.servlet.http.HttpServlet.service(HttpServlet.java:648)
	at javax.servlet.http.HttpServlet.service(HttpServlet.java:729)
	at org.apache.catalina.core.ApplicationFilterChain.internalDoFilter(ApplicationFilterChain.java:291)
	at org.apache.catalina.core.ApplicationFilterChain.doFilter(ApplicationFilterChain.java:206)
	at org.apache.tomcat.websocket.server.WsFilter.doFilter(WsFilter.java:52)
	at org.apache.catalina.core.ApplicationFilterChain.internalDoFilter(ApplicationFilterChain.java:239)
	at org.apache.catalina.core.ApplicationFilterChain.doFilter(ApplicationFilterChain.java:206)
	at org.apache.catalina.core.StandardWrapperValve.invoke(StandardWrapperValve.java:219)
	at org.apache.catalina.core.StandardContextValve.invoke(StandardContextValve.java:106)
	at org.apache.catalina.authenticator.AuthenticatorBase.invoke(AuthenticatorBase.java:502)
	at org.apache.catalina.core.StandardHostValve.invoke(StandardHostValve.java:142)
	at org.apache.catalina.valves.ErrorReportValve.invoke(ErrorReportValve.java:79)
	at org.apache.catalina.valves.AbstractAccessLogValve.invoke(AbstractAccessLogValve.java:616)
	at org.apache.catalina.core.StandardEngineValve.invoke(StandardEngineValve.java:88)
	at org.apache.catalina.connector.CoyoteAdapter.service(CoyoteAdapter.java:518)
	at org.apache.coyote.http11.AbstractHttp11Processor.process(AbstractHttp11Processor.java:1091)
	at org.apache.coyote.AbstractProtocol$AbstractConnectionHandler.process(AbstractProtocol.java:673)
	at org.apache.tomcat.util.net.AprEndpoint$SocketProcessor.doRun(AprEndpoint.java:2503)
	at org.apache.tomcat.util.net.AprEndpoint$SocketProcessor.run(AprEndpoint.java:2492)
	at java.util.concurrent.ThreadPoolExecutor.runWorker(ThreadPoolExecutor.java:1145)
	at java.util.concurrent.ThreadPoolExecutor$Worker.run(ThreadPoolExecutor.java:615)
	at org.apache.tomcat.util.threads.TaskThread$WrappingRunnable.run(TaskThread.java:61)
	at java.lang.Thread.run(Thread.java:745)

2015-09-07 17:16:35 WARN  Query:106 - Query for candidates of com.cmg.vrc.data.jdo.Feedback and subclasses resulted in no possible candidates
An exception was thrown while adding/validating class(es) : Row size too large. The maximum row size for the used table type, not counting BLOBs, is 65535. This includes storage overhead, check the manual. You have to change some columns to TEXT or BLOBs
com.mysql.jdbc.exceptions.jdbc4.MySQLSyntaxErrorException: Row size too large. The maximum row size for the used table type, not counting BLOBs, is 65535. This includes storage overhead, check the manual. You have to change some columns to TEXT or BLOBs
	at sun.reflect.NativeConstructorAccessorImpl.newInstance0(Native Method)
	at sun.reflect.NativeConstructorAccessorImpl.newInstance(NativeConstructorAccessorImpl.java:57)
	at sun.reflect.DelegatingConstructorAccessorImpl.newInstance(DelegatingConstructorAccessorImpl.java:45)
	at java.lang.reflect.Constructor.newInstance(Constructor.java:526)
	at com.mysql.jdbc.Util.handleNewInstance(Util.java:400)
	at com.mysql.jdbc.Util.getInstance(Util.java:383)
	at com.mysql.jdbc.SQLError.createSQLException(SQLError.java:980)
	at com.mysql.jdbc.MysqlIO.checkErrorPacket(MysqlIO.java:3847)
	at com.mysql.jdbc.MysqlIO.checkErrorPacket(MysqlIO.java:3783)
	at com.mysql.jdbc.MysqlIO.sendCommand(MysqlIO.java:2447)
	at com.mysql.jdbc.MysqlIO.sqlQueryDirect(MysqlIO.java:2594)
	at com.mysql.jdbc.ConnectionImpl.execSQL(ConnectionImpl.java:2541)
	at com.mysql.jdbc.ConnectionImpl.execSQL(ConnectionImpl.java:2499)
	at com.mysql.jdbc.StatementImpl.execute(StatementImpl.java:844)
	at com.mysql.jdbc.StatementImpl.execute(StatementImpl.java:748)
	at com.mchange.v2.c3p0.impl.NewProxyStatement.execute(NewProxyStatement.java:1006)
	at org.datanucleus.store.rdbms.table.AbstractTable.executeDdlStatement(AbstractTable.java:879)
	at org.datanucleus.store.rdbms.table.AbstractTable.executeDdlStatementList(AbstractTable.java:830)
	at org.datanucleus.store.rdbms.table.AbstractTable.create(AbstractTable.java:546)
	at org.datanucleus.store.rdbms.table.AbstractTable.exists(AbstractTable.java:609)
	at org.datanucleus.store.rdbms.RDBMSStoreManager$ClassAdder.performTablesValidation(RDBMSStoreManager.java:3362)
	at org.datanucleus.store.rdbms.RDBMSStoreManager$ClassAdder.run(RDBMSStoreManager.java:2875)
	at org.datanucleus.store.rdbms.AbstractSchemaTransaction.execute(AbstractSchemaTransaction.java:119)
	at org.datanucleus.store.rdbms.RDBMSStoreManager.manageClasses(RDBMSStoreManager.java:1608)
	at org.datanucleus.store.rdbms.RDBMSStoreManager.getDatastoreClass(RDBMSStoreManager.java:671)
	at org.datanucleus.store.rdbms.query.RDBMSQueryUtils.getStatementForCandidates(RDBMSQueryUtils.java:425)
	at org.datanucleus.store.rdbms.query.JDOQLQuery.compileQueryFull(JDOQLQuery.java:896)
	at org.datanucleus.store.rdbms.query.JDOQLQuery.compileInternal(JDOQLQuery.java:344)
	at org.datanucleus.store.query.Query.executeQuery(Query.java:1805)
	at org.datanucleus.store.query.Query.executeWithArray(Query.java:1733)
	at org.datanucleus.api.jdo.JDOQuery.executeInternal(JDOQuery.java:365)
	at org.datanucleus.api.jdo.JDOQuery.execute(JDOQuery.java:225)
	at com.cmg.vrc.data.dao.DataAccess.getCount(DataAccess.java:426)
	at com.cmg.vrc.data.dao.DataAccess.getCount(DataAccess.java:417)
	at com.cmg.vrc.servlet.Dashboard.doPost(Dashboard.java:33)
	at javax.servlet.http.HttpServlet.service(HttpServlet.java:648)
	at javax.servlet.http.HttpServlet.service(HttpServlet.java:729)
	at org.apache.catalina.core.ApplicationFilterChain.internalDoFilter(ApplicationFilterChain.java:291)
	at org.apache.catalina.core.ApplicationFilterChain.doFilter(ApplicationFilterChain.java:206)
	at org.apache.tomcat.websocket.server.WsFilter.doFilter(WsFilter.java:52)
	at org.apache.catalina.core.ApplicationFilterChain.internalDoFilter(ApplicationFilterChain.java:239)
	at org.apache.catalina.core.ApplicationFilterChain.doFilter(ApplicationFilterChain.java:206)
	at org.apache.catalina.core.StandardWrapperValve.invoke(StandardWrapperValve.java:219)
	at org.apache.catalina.core.StandardContextValve.invoke(StandardContextValve.java:106)
	at org.apache.catalina.authenticator.AuthenticatorBase.invoke(AuthenticatorBase.java:502)
	at org.apache.catalina.core.StandardHostValve.invoke(StandardHostValve.java:142)
	at org.apache.catalina.valves.ErrorReportValve.invoke(ErrorReportValve.java:79)
	at org.apache.catalina.valves.AbstractAccessLogValve.invoke(AbstractAccessLogValve.java:616)
	at org.apache.catalina.core.StandardEngineValve.invoke(StandardEngineValve.java:88)
	at org.apache.catalina.connector.CoyoteAdapter.service(CoyoteAdapter.java:518)
	at org.apache.coyote.http11.AbstractHttp11Processor.process(AbstractHttp11Processor.java:1091)
	at org.apache.coyote.AbstractProtocol$AbstractConnectionHandler.process(AbstractProtocol.java:673)
	at org.apache.tomcat.util.net.AprEndpoint$SocketProcessor.doRun(AprEndpoint.java:2503)
	at org.apache.tomcat.util.net.AprEndpoint$SocketProcessor.run(AprEndpoint.java:2492)
	at java.util.concurrent.ThreadPoolExecutor.runWorker(ThreadPoolExecutor.java:1145)
	at java.util.concurrent.ThreadPoolExecutor$Worker.run(ThreadPoolExecutor.java:615)
	at org.apache.tomcat.util.threads.TaskThread$WrappingRunnable.run(TaskThread.java:61)
	at java.lang.Thread.run(Thread.java:745)

org.datanucleus.exceptions.NucleusDataStoreException: An exception was thrown while adding/validating class(es) : Row size too large. The maximum row size for the used table type, not counting BLOBs, is 65535. This includes storage overhead, check the manual. You have to change some columns to TEXT or BLOBs
com.mysql.jdbc.exceptions.jdbc4.MySQLSyntaxErrorException: Row size too large. The maximum row size for the used table type, not counting BLOBs, is 65535. This includes storage overhead, check the manual. You have to change some columns to TEXT or BLOBs
	at sun.reflect.NativeConstructorAccessorImpl.newInstance0(Native Method)
	at sun.reflect.NativeConstructorAccessorImpl.newInstance(NativeConstructorAccessorImpl.java:57)
	at sun.reflect.DelegatingConstructorAccessorImpl.newInstance(DelegatingConstructorAccessorImpl.java:45)
	at java.lang.reflect.Constructor.newInstance(Constructor.java:526)
	at com.mysql.jdbc.Util.handleNewInstance(Util.java:400)
	at com.mysql.jdbc.Util.getInstance(Util.java:383)
	at com.mysql.jdbc.SQLError.createSQLException(SQLError.java:980)
	at com.mysql.jdbc.MysqlIO.checkErrorPacket(MysqlIO.java:3847)
	at com.mysql.jdbc.MysqlIO.checkErrorPacket(MysqlIO.java:3783)
	at com.mysql.jdbc.MysqlIO.sendCommand(MysqlIO.java:2447)
	at com.mysql.jdbc.MysqlIO.sqlQueryDirect(MysqlIO.java:2594)
	at com.mysql.jdbc.ConnectionImpl.execSQL(ConnectionImpl.java:2541)
	at com.mysql.jdbc.ConnectionImpl.execSQL(ConnectionImpl.java:2499)
	at com.mysql.jdbc.StatementImpl.execute(StatementImpl.java:844)
	at com.mysql.jdbc.StatementImpl.execute(StatementImpl.java:748)
	at com.mchange.v2.c3p0.impl.NewProxyStatement.execute(NewProxyStatement.java:1006)
	at org.datanucleus.store.rdbms.table.AbstractTable.executeDdlStatement(AbstractTable.java:879)
	at org.datanucleus.store.rdbms.table.AbstractTable.executeDdlStatementList(AbstractTable.java:830)
	at org.datanucleus.store.rdbms.table.AbstractTable.create(AbstractTable.java:546)
	at org.datanucleus.store.rdbms.table.AbstractTable.exists(AbstractTable.java:609)
	at org.datanucleus.store.rdbms.RDBMSStoreManager$ClassAdder.performTablesValidation(RDBMSStoreManager.java:3362)
	at org.datanucleus.store.rdbms.RDBMSStoreManager$ClassAdder.run(RDBMSStoreManager.java:2875)
	at org.datanucleus.store.rdbms.AbstractSchemaTransaction.execute(AbstractSchemaTransaction.java:119)
	at org.datanucleus.store.rdbms.RDBMSStoreManager.manageClasses(RDBMSStoreManager.java:1608)
	at org.datanucleus.store.rdbms.RDBMSStoreManager.getDatastoreClass(RDBMSStoreManager.java:671)
	at org.datanucleus.store.rdbms.query.RDBMSQueryUtils.getStatementForCandidates(RDBMSQueryUtils.java:425)
	at org.datanucleus.store.rdbms.query.JDOQLQuery.compileQueryFull(JDOQLQuery.java:896)
	at org.datanucleus.store.rdbms.query.JDOQLQuery.compileInternal(JDOQLQuery.java:344)
	at org.datanucleus.store.query.Query.executeQuery(Query.java:1805)
	at org.datanucleus.store.query.Query.executeWithArray(Query.java:1733)
	at org.datanucleus.api.jdo.JDOQuery.executeInternal(JDOQuery.java:365)
	at org.datanucleus.api.jdo.JDOQuery.execute(JDOQuery.java:225)
	at com.cmg.vrc.data.dao.DataAccess.getCount(DataAccess.java:426)
	at com.cmg.vrc.data.dao.DataAccess.getCount(DataAccess.java:417)
	at com.cmg.vrc.servlet.Dashboard.doPost(Dashboard.java:33)
	at javax.servlet.http.HttpServlet.service(HttpServlet.java:648)
	at javax.servlet.http.HttpServlet.service(HttpServlet.java:729)
	at org.apache.catalina.core.ApplicationFilterChain.internalDoFilter(ApplicationFilterChain.java:291)
	at org.apache.catalina.core.ApplicationFilterChain.doFilter(ApplicationFilterChain.java:206)
	at org.apache.tomcat.websocket.server.WsFilter.doFilter(WsFilter.java:52)
	at org.apache.catalina.core.ApplicationFilterChain.internalDoFilter(ApplicationFilterChain.java:239)
	at org.apache.catalina.core.ApplicationFilterChain.doFilter(ApplicationFilterChain.java:206)
	at org.apache.catalina.core.StandardWrapperValve.invoke(StandardWrapperValve.java:219)
	at org.apache.catalina.core.StandardContextValve.invoke(StandardContextValve.java:106)
	at org.apache.catalina.authenticator.AuthenticatorBase.invoke(AuthenticatorBase.java:502)
	at org.apache.catalina.core.StandardHostValve.invoke(StandardHostValve.java:142)
	at org.apache.catalina.valves.ErrorReportValve.invoke(ErrorReportValve.java:79)
	at org.apache.catalina.valves.AbstractAccessLogValve.invoke(AbstractAccessLogValve.java:616)
	at org.apache.catalina.core.StandardEngineValve.invoke(StandardEngineValve.java:88)
	at org.apache.catalina.connector.CoyoteAdapter.service(CoyoteAdapter.java:518)
	at org.apache.coyote.http11.AbstractHttp11Processor.process(AbstractHttp11Processor.java:1091)
	at org.apache.coyote.AbstractProtocol$AbstractConnectionHandler.process(AbstractProtocol.java:673)
	at org.apache.tomcat.util.net.AprEndpoint$SocketProcessor.doRun(AprEndpoint.java:2503)
	at org.apache.tomcat.util.net.AprEndpoint$SocketProcessor.run(AprEndpoint.java:2492)
	at java.util.concurrent.ThreadPoolExecutor.runWorker(ThreadPoolExecutor.java:1145)
	at java.util.concurrent.ThreadPoolExecutor$Worker.run(ThreadPoolExecutor.java:615)
	at org.apache.tomcat.util.threads.TaskThread$WrappingRunnable.run(TaskThread.java:61)
	at java.lang.Thread.run(Thread.java:745)

	at org.datanucleus.store.rdbms.RDBMSStoreManager$ClassAdder.run(RDBMSStoreManager.java:2918)
	at org.datanucleus.store.rdbms.AbstractSchemaTransaction.execute(AbstractSchemaTransaction.java:119)
	at org.datanucleus.store.rdbms.RDBMSStoreManager.manageClasses(RDBMSStoreManager.java:1608)
	at org.datanucleus.store.rdbms.RDBMSStoreManager.getDatastoreClass(RDBMSStoreManager.java:671)
	at org.datanucleus.store.rdbms.query.RDBMSQueryUtils.getStatementForCandidates(RDBMSQueryUtils.java:425)
	at org.datanucleus.store.rdbms.query.JDOQLQuery.compileQueryFull(JDOQLQuery.java:896)
	at org.datanucleus.store.rdbms.query.JDOQLQuery.compileInternal(JDOQLQuery.java:344)
	at org.datanucleus.store.query.Query.executeQuery(Query.java:1805)
	at org.datanucleus.store.query.Query.executeWithArray(Query.java:1733)
	at org.datanucleus.api.jdo.JDOQuery.executeInternal(JDOQuery.java:365)
	at org.datanucleus.api.jdo.JDOQuery.execute(JDOQuery.java:225)
	at com.cmg.vrc.data.dao.DataAccess.getCount(DataAccess.java:426)
	at com.cmg.vrc.data.dao.DataAccess.getCount(DataAccess.java:417)
	at com.cmg.vrc.servlet.Dashboard.doPost(Dashboard.java:33)
	at javax.servlet.http.HttpServlet.service(HttpServlet.java:648)
	at javax.servlet.http.HttpServlet.service(HttpServlet.java:729)
	at org.apache.catalina.core.ApplicationFilterChain.internalDoFilter(ApplicationFilterChain.java:291)
	at org.apache.catalina.core.ApplicationFilterChain.doFilter(ApplicationFilterChain.java:206)
	at org.apache.tomcat.websocket.server.WsFilter.doFilter(WsFilter.java:52)
	at org.apache.catalina.core.ApplicationFilterChain.internalDoFilter(ApplicationFilterChain.java:239)
	at org.apache.catalina.core.ApplicationFilterChain.doFilter(ApplicationFilterChain.java:206)
	at org.apache.catalina.core.StandardWrapperValve.invoke(StandardWrapperValve.java:219)
	at org.apache.catalina.core.StandardContextValve.invoke(StandardContextValve.java:106)
	at org.apache.catalina.authenticator.AuthenticatorBase.invoke(AuthenticatorBase.java:502)
	at org.apache.catalina.core.StandardHostValve.invoke(StandardHostValve.java:142)
	at org.apache.catalina.valves.ErrorReportValve.invoke(ErrorReportValve.java:79)
	at org.apache.catalina.valves.AbstractAccessLogValve.invoke(AbstractAccessLogValve.java:616)
	at org.apache.catalina.core.StandardEngineValve.invoke(StandardEngineValve.java:88)
	at org.apache.catalina.connector.CoyoteAdapter.service(CoyoteAdapter.java:518)
	at org.apache.coyote.http11.AbstractHttp11Processor.process(AbstractHttp11Processor.java:1091)
	at org.apache.coyote.AbstractProtocol$AbstractConnectionHandler.process(AbstractProtocol.java:673)
	at org.apache.tomcat.util.net.AprEndpoint$SocketProcessor.doRun(AprEndpoint.java:2503)
	at org.apache.tomcat.util.net.AprEndpoint$SocketProcessor.run(AprEndpoint.java:2492)
	at java.util.concurrent.ThreadPoolExecutor.runWorker(ThreadPoolExecutor.java:1145)
	at java.util.concurrent.ThreadPoolExecutor$Worker.run(ThreadPoolExecutor.java:615)
	at org.apache.tomcat.util.threads.TaskThread$WrappingRunnable.run(TaskThread.java:61)
	at java.lang.Thread.run(Thread.java:745)
Caused by: com.mysql.jdbc.exceptions.jdbc4.MySQLSyntaxErrorException: Row size too large. The maximum row size for the used table type, not counting BLOBs, is 65535. This includes storage overhead, check the manual. You have to change some columns to TEXT or BLOBs
	at sun.reflect.NativeConstructorAccessorImpl.newInstance0(Native Method)
	at sun.reflect.NativeConstructorAccessorImpl.newInstance(NativeConstructorAccessorImpl.java:57)
	at sun.reflect.DelegatingConstructorAccessorImpl.newInstance(DelegatingConstructorAccessorImpl.java:45)
	at java.lang.reflect.Constructor.newInstance(Constructor.java:526)
	at com.mysql.jdbc.Util.handleNewInstance(Util.java:400)
	at com.mysql.jdbc.Util.getInstance(Util.java:383)
	at com.mysql.jdbc.SQLError.createSQLException(SQLError.java:980)
	at com.mysql.jdbc.MysqlIO.checkErrorPacket(MysqlIO.java:3847)
	at com.mysql.jdbc.MysqlIO.checkErrorPacket(MysqlIO.java:3783)
	at com.mysql.jdbc.MysqlIO.sendCommand(MysqlIO.java:2447)
	at com.mysql.jdbc.MysqlIO.sqlQueryDirect(MysqlIO.java:2594)
	at com.mysql.jdbc.ConnectionImpl.execSQL(ConnectionImpl.java:2541)
	at com.mysql.jdbc.ConnectionImpl.execSQL(ConnectionImpl.java:2499)
	at com.mysql.jdbc.StatementImpl.execute(StatementImpl.java:844)
	at com.mysql.jdbc.StatementImpl.execute(StatementImpl.java:748)
	at com.mchange.v2.c3p0.impl.NewProxyStatement.execute(NewProxyStatement.java:1006)
	at org.datanucleus.store.rdbms.table.AbstractTable.executeDdlStatement(AbstractTable.java:879)
	at org.datanucleus.store.rdbms.table.AbstractTable.executeDdlStatementList(AbstractTable.java:830)
	at org.datanucleus.store.rdbms.table.AbstractTable.create(AbstractTable.java:546)
	at org.datanucleus.store.rdbms.table.AbstractTable.exists(AbstractTable.java:609)
	at org.datanucleus.store.rdbms.RDBMSStoreManager$ClassAdder.performTablesValidation(RDBMSStoreManager.java:3362)
	at org.datanucleus.store.rdbms.RDBMSStoreManager$ClassAdder.run(RDBMSStoreManager.java:2875)
	... 36 more
Nested Throwables StackTrace:
com.mysql.jdbc.exceptions.jdbc4.MySQLSyntaxErrorException: Row size too large. The maximum row size for the used table type, not counting BLOBs, is 65535. This includes storage overhead, check the manual. You have to change some columns to TEXT or BLOBs
	at sun.reflect.NativeConstructorAccessorImpl.newInstance0(Native Method)
	at sun.reflect.NativeConstructorAccessorImpl.newInstance(NativeConstructorAccessorImpl.java:57)
	at sun.reflect.DelegatingConstructorAccessorImpl.newInstance(DelegatingConstructorAccessorImpl.java:45)
	at java.lang.reflect.Constructor.newInstance(Constructor.java:526)
	at com.mysql.jdbc.Util.handleNewInstance(Util.java:400)
	at com.mysql.jdbc.Util.getInstance(Util.java:383)
	at com.mysql.jdbc.SQLError.createSQLException(SQLError.java:980)
	at com.mysql.jdbc.MysqlIO.checkErrorPacket(MysqlIO.java:3847)
	at com.mysql.jdbc.MysqlIO.checkErrorPacket(MysqlIO.java:3783)
	at com.mysql.jdbc.MysqlIO.sendCommand(MysqlIO.java:2447)
	at com.mysql.jdbc.MysqlIO.sqlQueryDirect(MysqlIO.java:2594)
	at com.mysql.jdbc.ConnectionImpl.execSQL(ConnectionImpl.java:2541)
	at com.mysql.jdbc.ConnectionImpl.execSQL(ConnectionImpl.java:2499)
	at com.mysql.jdbc.StatementImpl.execute(StatementImpl.java:844)
	at com.mysql.jdbc.StatementImpl.execute(StatementImpl.java:748)
	at com.mchange.v2.c3p0.impl.NewProxyStatement.execute(NewProxyStatement.java:1006)
	at org.datanucleus.store.rdbms.table.AbstractTable.executeDdlStatement(AbstractTable.java:879)
	at org.datanucleus.store.rdbms.table.AbstractTable.executeDdlStatementList(AbstractTable.java:830)
	at org.datanucleus.store.rdbms.table.AbstractTable.create(AbstractTable.java:546)
	at org.datanucleus.store.rdbms.table.AbstractTable.exists(AbstractTable.java:609)
	at org.datanucleus.store.rdbms.RDBMSStoreManager$ClassAdder.performTablesValidation(RDBMSStoreManager.java:3362)
	at org.datanucleus.store.rdbms.RDBMSStoreManager$ClassAdder.run(RDBMSStoreManager.java:2875)
	at org.datanucleus.store.rdbms.AbstractSchemaTransaction.execute(AbstractSchemaTransaction.java:119)
	at org.datanucleus.store.rdbms.RDBMSStoreManager.manageClasses(RDBMSStoreManager.java:1608)
	at org.datanucleus.store.rdbms.RDBMSStoreManager.getDatastoreClass(RDBMSStoreManager.java:671)
	at org.datanucleus.store.rdbms.query.RDBMSQueryUtils.getStatementForCandidates(RDBMSQueryUtils.java:425)
	at org.datanucleus.store.rdbms.query.JDOQLQuery.compileQueryFull(JDOQLQuery.java:896)
	at org.datanucleus.store.rdbms.query.JDOQLQuery.compileInternal(JDOQLQuery.java:344)
	at org.datanucleus.store.query.Query.executeQuery(Query.java:1805)
	at org.datanucleus.store.query.Query.executeWithArray(Query.java:1733)
	at org.datanucleus.api.jdo.JDOQuery.executeInternal(JDOQuery.java:365)
	at org.datanucleus.api.jdo.JDOQuery.execute(JDOQuery.java:225)
	at com.cmg.vrc.data.dao.DataAccess.getCount(DataAccess.java:426)
	at com.cmg.vrc.data.dao.DataAccess.getCount(DataAccess.java:417)
	at com.cmg.vrc.servlet.Dashboard.doPost(Dashboard.java:33)
	at javax.servlet.http.HttpServlet.service(HttpServlet.java:648)
	at javax.servlet.http.HttpServlet.service(HttpServlet.java:729)
	at org.apache.catalina.core.ApplicationFilterChain.internalDoFilter(ApplicationFilterChain.java:291)
	at org.apache.catalina.core.ApplicationFilterChain.doFilter(ApplicationFilterChain.java:206)
	at org.apache.tomcat.websocket.server.WsFilter.doFilter(WsFilter.java:52)
	at org.apache.catalina.core.ApplicationFilterChain.internalDoFilter(ApplicationFilterChain.java:239)
	at org.apache.catalina.core.ApplicationFilterChain.doFilter(ApplicationFilterChain.java:206)
	at org.apache.catalina.core.StandardWrapperValve.invoke(StandardWrapperValve.java:219)
	at org.apache.catalina.core.StandardContextValve.invoke(StandardContextValve.java:106)
	at org.apache.catalina.authenticator.AuthenticatorBase.invoke(AuthenticatorBase.java:502)
	at org.apache.catalina.core.StandardHostValve.invoke(StandardHostValve.java:142)
	at org.apache.catalina.valves.ErrorReportValve.invoke(ErrorReportValve.java:79)
	at org.apache.catalina.valves.AbstractAccessLogValve.invoke(AbstractAccessLogValve.java:616)
	at org.apache.catalina.core.StandardEngineValve.invoke(StandardEngineValve.java:88)
	at org.apache.catalina.connector.CoyoteAdapter.service(CoyoteAdapter.java:518)
	at org.apache.coyote.http11.AbstractHttp11Processor.process(AbstractHttp11Processor.java:1091)
	at org.apache.coyote.AbstractProtocol$AbstractConnectionHandler.process(AbstractProtocol.java:673)
	at org.apache.tomcat.util.net.AprEndpoint$SocketProcessor.doRun(AprEndpoint.java:2503)
	at org.apache.tomcat.util.net.AprEndpoint$SocketProcessor.run(AprEndpoint.java:2492)
	at java.util.concurrent.ThreadPoolExecutor.runWorker(ThreadPoolExecutor.java:1145)
	at java.util.concurrent.ThreadPoolExecutor$Worker.run(ThreadPoolExecutor.java:615)
	at org.apache.tomcat.util.threads.TaskThread$WrappingRunnable.run(TaskThread.java:61)
	at java.lang.Thread.run(Thread.java:745)
2015-09-07 17:16:36 INFO  Query:77 - Reading in results for query "SELECT FROM com.cmg.vrc.data.jdo.UserVoiceModel ORDER BY serverTime asc RANGE 0,10000" since the connection used is closing/committing
2015-09-07 17:16:37 INFO  Query:77 - Reading in results for query "SELECT COUNT(id) FROM com.cmg.vrc.data.jdo.User" since the connection used is closing/committing
2015-09-07 17:16:37 INFO  Query:77 - Reading in results for query "SELECT COUNT(id) FROM com.cmg.vrc.data.jdo.User" since the connection used is closing/committing
2015-09-07 17:16:37 INFO  Query:77 - Reading in results for query "SELECT COUNT(id) FROM com.cmg.vrc.data.jdo.UserVoiceModel" since the connection used is closing/committing
2015-09-07 17:16:37 INFO  Query:77 - Reading in results for query "SELECT COUNT(id) FROM com.cmg.vrc.data.jdo.UserVoiceModel" since the connection used is closing/committing
2015-09-07 17:16:37 INFO  Query:77 - Reading in results for query "SELECT COUNT(id) FROM com.cmg.vrc.data.jdo.LicenseCode" since the connection used is closing/committing
2015-09-07 17:16:37 INFO  Query:77 - Reading in results for query "SELECT COUNT(id) FROM com.cmg.vrc.data.jdo.LicenseCode" since the connection used is closing/committing
2015-09-07 17:17:05 INFO  Query:77 - Reading in results for query "SELECT FROM com.cmg.vrc.data.jdo.RecordedSentence" since the connection used is closing/committing
2015-09-07 17:17:05 INFO  Query:77 - Reading in results for query "SELECT COUNT(id) FROM com.cmg.vrc.data.jdo.RecordedSentence WHERE status==sta PARAMETERS int sta" since the connection used is closing/committing
2015-09-07 17:17:06 INFO  Query:77 - Reading in results for query "SELECT COUNT(id) FROM com.cmg.vrc.data.jdo.RecordedSentence WHERE status==sta PARAMETERS int sta" since the connection used is closing/committing
2015-09-07 17:17:06 INFO  Query:77 - Reading in results for query "SELECT COUNT(id) FROM com.cmg.vrc.data.jdo.RecordedSentence WHERE status==sta PARAMETERS int sta" since the connection used is closing/committing
2015-09-07 17:17:06 INFO  Query:77 - Reading in results for query "SELECT COUNT(id) FROM com.cmg.vrc.data.jdo.RecordedSentence WHERE status==sta PARAMETERS int sta" since the connection used is closing/committing
2015-09-07 17:17:06 INFO  Query:77 - Reading in results for query "SELECT COUNT(id) FROM com.cmg.vrc.data.jdo.RecordedSentence" since the connection used is closing/committing
2015-09-07 17:17:06 INFO  Query:77 - Reading in results for query "SELECT COUNT(id) FROM com.cmg.vrc.data.jdo.Transcription WHERE isDeleted==0" since the connection used is closing/committing
2015-09-07 17:17:06 INFO  Query:77 - Reading in results for query "SELECT FROM com.cmg.vrc.data.jdo.RecordedSentence" since the connection used is closing/committing
2015-09-07 17:17:06 INFO  Query:77 - Reading in results for query "SELECT FROM com.cmg.vrc.data.jdo.RecordedSentence WHERE (account == null || account.toLowerCase().indexOf(search.toLowerCase()) != -1) PARAMETERS String search, String ac, String acs, Integer sta, java.util.Date dateFrom,java.util.Date dateTo ORDER BY account asc RANGE 0,10" since the connection used is closing/committing
2015-09-07 17:17:19 INFO  Query:77 - Reading in results for query "SELECT FROM com.cmg.vrc.data.jdo.RecordedSentence WHERE sentenceId == :1 && account == :2" since the connection used is closing/committing
2015-09-07 17:20:15 INFO  Query:77 - Reading in results for query "SELECT FROM com.cmg.vrc.data.jdo.RecordedSentence WHERE sentenceId == :1 && account == :2" since the connection used is closing/committing
2015-09-07 17:20:27 INFO  Query:77 - Reading in results for query "SELECT FROM com.cmg.vrc.data.jdo.RecordedSentence WHERE sentenceId == :1 && account == :2" since the connection used is closing/committing
2015-09-08 10:16:20 INFO  Enhancer:77 - DataNucleus Enhancer (version 4.1.3) for API "JDO"
2015-09-08 10:16:20 INFO  Enhancer:77 - Class "com.cmg.vrc.data.jdo.ClientCode" is already enhanced.
2015-09-08 10:16:20 INFO  Enhancer:77 - ENHANCED (Persistable) : com.cmg.vrc.data.jdo.ClientCode
2015-09-08 10:16:20 INFO  Enhancer:77 - Class "com.cmg.vrc.data.jdo.Security" is already enhanced.
2015-09-08 10:16:20 INFO  Enhancer:77 - ENHANCED (Persistable) : com.cmg.vrc.data.jdo.Security
2015-09-08 10:16:20 INFO  Enhancer:77 - Class "com.cmg.vrc.data.jdo.Feedback" is already enhanced.
2015-09-08 10:16:20 INFO  Enhancer:77 - ENHANCED (Persistable) : com.cmg.vrc.data.jdo.Feedback
2015-09-08 10:16:20 INFO  Enhancer:77 - Class "com.cmg.vrc.data.jdo.LicenseCode" is already enhanced.
2015-09-08 10:16:20 INFO  Enhancer:77 - ENHANCED (Persistable) : com.cmg.vrc.data.jdo.LicenseCode
2015-09-08 10:16:20 INFO  Enhancer:77 - Class "com.cmg.vrc.data.jdo.AppDetail" is already enhanced.
2015-09-08 10:16:20 INFO  Enhancer:77 - ENHANCED (Persistable) : com.cmg.vrc.data.jdo.AppDetail
2015-09-08 10:16:20 INFO  Enhancer:77 - Class "com.cmg.vrc.data.jdo.Admin" is already enhanced.
2015-09-08 10:16:20 INFO  Enhancer:77 - ENHANCED (Persistable) : com.cmg.vrc.data.jdo.Admin
2015-09-08 10:16:20 INFO  Enhancer:77 - Class "com.cmg.vrc.data.jdo.DictionaryVersion" is already enhanced.
2015-09-08 10:16:20 INFO  Enhancer:77 - ENHANCED (Persistable) : com.cmg.vrc.data.jdo.DictionaryVersion
2015-09-08 10:16:20 INFO  Enhancer:77 - Class "com.cmg.vrc.data.jdo.User" is already enhanced.
2015-09-08 10:16:20 INFO  Enhancer:77 - ENHANCED (Persistable) : com.cmg.vrc.data.jdo.User
2015-09-08 10:16:20 INFO  Enhancer:77 - Class "com.cmg.vrc.data.jdo.UserDevice" is already enhanced.
2015-09-08 10:16:20 INFO  Enhancer:77 - ENHANCED (Persistable) : com.cmg.vrc.data.jdo.UserDevice
2015-09-08 10:16:20 INFO  Enhancer:77 - Class "com.cmg.vrc.data.jdo.Usage" is already enhanced.
2015-09-08 10:16:20 INFO  Enhancer:77 - ENHANCED (Persistable) : com.cmg.vrc.data.jdo.Usage
2015-09-08 10:16:20 INFO  Enhancer:77 - Class "com.cmg.vrc.data.jdo.UserVoiceModel" is already enhanced.
2015-09-08 10:16:20 INFO  Enhancer:77 - ENHANCED (Persistable) : com.cmg.vrc.data.jdo.UserVoiceModel
2015-09-08 10:16:20 INFO  Enhancer:77 - Class "com.cmg.vrc.data.jdo.LicenseCodeCompany" is already enhanced.
2015-09-08 10:16:20 INFO  Enhancer:77 - ENHANCED (Persistable) : com.cmg.vrc.data.jdo.LicenseCodeCompany
2015-09-08 10:16:20 INFO  Enhancer:77 - Class "com.cmg.vrc.data.jdo.Transcription" is already enhanced.
2015-09-08 10:16:20 INFO  Enhancer:77 - ENHANCED (Persistable) : com.cmg.vrc.data.jdo.Transcription
2015-09-08 10:16:20 INFO  Enhancer:77 - Class "com.cmg.vrc.data.jdo.RecordedSentence" is already enhanced.
2015-09-08 10:16:20 INFO  Enhancer:77 - ENHANCED (Persistable) : com.cmg.vrc.data.jdo.RecordedSentence
2015-09-08 10:16:21 INFO  Enhancer:77 - Class "com.cmg.vrc.data.jdo.RecordedSentenceHistory" is already enhanced.
2015-09-08 10:16:21 INFO  Enhancer:77 - ENHANCED (Persistable) : com.cmg.vrc.data.jdo.RecordedSentenceHistory
2015-09-08 10:16:21 INFO  Enhancer:77 - Class "com.cmg.vrc.data.jdo.LanguageModelVersion" is already enhanced.
2015-09-08 10:16:21 INFO  Enhancer:77 - ENHANCED (Persistable) : com.cmg.vrc.data.jdo.LanguageModelVersion
2015-09-08 10:16:21 INFO  Enhancer:77 - DataNucleus Enhancer completed with success for 16 classes. Timings : input=542 ms, enhance=121 ms, total=663 ms. Consult the log for full details
